<?xml version="1.0" encoding="UTF-8"?>
<!-- Generated by org.testng.reporters.JUnitXMLReporter -->
<testsuite ignored="10" hostname="GarvitDevice" failures="1" tests="1" name="Default test" time="1.202" errors="0" timestamp="2023-04-04T11:20:18 IST">
  <testcase classname="com.dotKonnekt.tests.CheckoutPageTest" name="TitleVerification" time="0.0">
    <failure type="java.lang.RuntimeException" message="java.lang.NegativeArraySizeException: -1">
      <![CDATA[java.lang.RuntimeException: java.lang.NegativeArraySizeException: -1
at org.testng.internal.invokers.MethodInvocationHelper.invokeMethodNoCheckedException(MethodInvocationHelper.java:57)
at org.testng.internal.invokers.MethodInvocationHelper.invokeDataProvider(MethodInvocationHelper.java:157)
at org.testng.internal.Parameters.handleParameters(Parameters.java:791)
at org.testng.internal.Parameters.handleParameters(Parameters.java:728)
at org.testng.internal.invokers.ParameterHandler.handleParameters(ParameterHandler.java:72)
at org.testng.internal.invokers.ParameterHandler.createParameters(ParameterHandler.java:51)
at org.testng.internal.invokers.TestInvoker$MethodInvocationAgent.invoke(TestInvoker.java:917)
at org.testng.internal.invokers.TestInvoker.invokeTestMethods(TestInvoker.java:194)
at org.testng.internal.invokers.TestMethodWorker.invokeTestMethods(TestMethodWorker.java:148)
at org.testng.internal.invokers.TestMethodWorker.run(TestMethodWorker.java:128)
at java.base/java.util.ArrayList.forEach(ArrayList.java:1511)
at org.testng.TestRunner.privateRun(TestRunner.java:806)
at org.testng.TestRunner.run(TestRunner.java:601)
at org.testng.SuiteRunner.runTest(SuiteRunner.java:433)
at org.testng.SuiteRunner.runSequentially(SuiteRunner.java:427)
at org.testng.SuiteRunner.privateRun(SuiteRunner.java:387)
at org.testng.SuiteRunner.run(SuiteRunner.java:330)
at org.testng.SuiteRunnerWorker.runSuite(SuiteRunnerWorker.java:52)
at org.testng.SuiteRunnerWorker.run(SuiteRunnerWorker.java:95)
at org.testng.TestNG.runSuitesSequentially(TestNG.java:1256)
at org.testng.TestNG.runSuitesLocally(TestNG.java:1176)
at org.testng.TestNG.runSuites(TestNG.java:1099)
at org.testng.TestNG.run(TestNG.java:1067)
at org.testng.remote.AbstractRemoteTestNG.run(AbstractRemoteTestNG.java:115)
at org.testng.remote.RemoteTestNG.initAndRun(RemoteTestNG.java:251)
at org.testng.remote.RemoteTestNG.main(RemoteTestNG.java:77)
Caused by: java.lang.NegativeArraySizeException: -1
at com.dotKonnekt.dataProviders.DataProviders.CheckoutDetails(DataProviders.java:282)
at java.base/jdk.internal.reflect.NativeMethodAccessorImpl.invoke0(Native Method)
at java.base/jdk.internal.reflect.NativeMethodAccessorImpl.invoke(NativeMethodAccessorImpl.java:77)
at java.base/jdk.internal.reflect.DelegatingMethodAccessorImpl.invoke(DelegatingMethodAccessorImpl.java:43)
at java.base/java.lang.reflect.Method.invoke(Method.java:568)
at org.testng.internal.invokers.MethodInvocationHelper.invokeMethod(MethodInvocationHelper.java:139)
at org.testng.internal.invokers.MethodInvocationHelper.invokeMethod(MethodInvocationHelper.java:84)
at org.testng.internal.invokers.MethodInvocationHelper.invokeMethodNoCheckedException(MethodInvocationHelper.java:53)
... 25 more
]]>
    </failure>
  </testcase> <!-- TitleVerification -->
  <testcase classname="com.dotKonnekt.tests.CheckoutPageTest" name="CheckoutPage_GuestUseraddItemTotheCartforShopTab" time="0.0">
    <ignored/>
  </testcase> <!-- CheckoutPage_GuestUseraddItemTotheCartforShopTab -->
  <testcase classname="com.dotKonnekt.tests.CheckoutPageTest" name="CheckoutPage_Shipping" time="0.0">
    <ignored/>
  </testcase> <!-- CheckoutPage_Shipping -->
  <testcase classname="com.dotKonnekt.tests.CheckoutPageTest" name="CheckoutPage_LogoFunctionalityVerification" time="0.0">
    <ignored/>
  </testcase> <!-- CheckoutPage_LogoFunctionalityVerification -->
  <testcase classname="com.dotKonnekt.tests.CheckoutPageTest" name="CheckoutPage_LoggedUseraddItemTotheCartforShopTab" time="0.0">
    <ignored/>
  </testcase> <!-- CheckoutPage_LoggedUseraddItemTotheCartforShopTab -->
  <testcase classname="com.dotKonnekt.tests.CheckoutPageTest" name="CheckoutPage_PageHeaderVerification" time="0.0">
    <ignored/>
  </testcase> <!-- CheckoutPage_PageHeaderVerification -->
  <testcase classname="com.dotKonnekt.tests.CheckoutPageTest" name="CheckoutPage_UserFunctionalityVerification" time="0.0">
    <ignored/>
  </testcase> <!-- CheckoutPage_UserFunctionalityVerification -->
  <testcase classname="com.dotKonnekt.tests.CheckoutPageTest" name="CheckoutPage_PageElements" time="0.0">
    <ignored/>
  </testcase> <!-- CheckoutPage_PageElements -->
  <testcase classname="com.dotKonnekt.tests.CheckoutPageTest" name="CheckoutPage_SearchFucntionalityVerification" time="0.0">
    <ignored/>
  </testcase> <!-- CheckoutPage_SearchFucntionalityVerification -->
  <testcase classname="com.dotKonnekt.tests.CheckoutPageTest" name="CheckoutPage_CartFucntionalityVerification" time="0.0">
    <ignored/>
  </testcase> <!-- CheckoutPage_CartFucntionalityVerification -->
  <testcase classname="com.dotKonnekt.tests.CheckoutPageTest" name="CheckoutPage_GuestUseraddItemTotheCartForArticleTab" time="0.0">
    <ignored/>
  </testcase> <!-- CheckoutPage_GuestUseraddItemTotheCartForArticleTab -->
</testsuite> <!-- Default test -->
