<?xml version="1.0" encoding="UTF-8"?>
<!-- Generated by org.testng.reporters.JUnitXMLReporter -->
<testsuite ignored="19" hostname="GarvitDevice" failures="1" tests="1" name="Default test" time="9.26" errors="0" timestamp="2023-05-30T10:05:00 IST">
  <testcase classname="com.dotKonnekt.tests.HomePageTest" name="@AfterMethod tearDown" time="0.001">
    <failure type="java.lang.NullPointerException" message="Cannot invoke &amp;quot;org.openqa.selenium.WebDriver.close()&amp;quot; because the return value of &amp;quot;com.dotKonnekt.tests.HomePageTest.getDriver()&amp;quot; is null">
      <![CDATA[java.lang.NullPointerException: Cannot invoke "org.openqa.selenium.WebDriver.close()" because the return value of "com.dotKonnekt.tests.HomePageTest.getDriver()" is null
at com.dotKonnekt.tests.HomePageTest.tearDown(HomePageTest.java:340)
at java.base/jdk.internal.reflect.NativeMethodAccessorImpl.invoke0(Native Method)
at java.base/jdk.internal.reflect.NativeMethodAccessorImpl.invoke(NativeMethodAccessorImpl.java:77)
at java.base/jdk.internal.reflect.DelegatingMethodAccessorImpl.invoke(DelegatingMethodAccessorImpl.java:43)
at java.base/java.lang.reflect.Method.invoke(Method.java:568)
at org.testng.internal.invokers.MethodInvocationHelper.invokeMethod(MethodInvocationHelper.java:139)
at org.testng.internal.invokers.MethodInvocationHelper.invokeMethodConsideringTimeout(MethodInvocationHelper.java:69)
at org.testng.internal.invokers.ConfigInvoker.invokeConfigurationMethod(ConfigInvoker.java:361)
at org.testng.internal.invokers.ConfigInvoker.invokeConfigurations(ConfigInvoker.java:296)
at org.testng.internal.invokers.TestInvoker.runConfigMethods(TestInvoker.java:823)
at org.testng.internal.invokers.TestInvoker.runAfterConfigurations(TestInvoker.java:792)
at org.testng.internal.invokers.TestInvoker.invokeMethod(TestInvoker.java:768)
at org.testng.internal.invokers.TestInvoker.invokeTestMethod(TestInvoker.java:221)
at org.testng.internal.invokers.MethodRunner.runInSequence(MethodRunner.java:50)
at org.testng.internal.invokers.TestInvoker$MethodInvocationAgent.invoke(TestInvoker.java:969)
at org.testng.internal.invokers.TestInvoker.invokeTestMethods(TestInvoker.java:194)
at org.testng.internal.invokers.TestMethodWorker.invokeTestMethods(TestMethodWorker.java:148)
at org.testng.internal.invokers.TestMethodWorker.run(TestMethodWorker.java:128)
at java.base/java.util.ArrayList.forEach(ArrayList.java:1511)
at org.testng.TestRunner.privateRun(TestRunner.java:829)
at org.testng.TestRunner.run(TestRunner.java:602)
at org.testng.SuiteRunner.runTest(SuiteRunner.java:437)
at org.testng.SuiteRunner.runSequentially(SuiteRunner.java:431)
at org.testng.SuiteRunner.privateRun(SuiteRunner.java:391)
at org.testng.SuiteRunner.run(SuiteRunner.java:330)
at org.testng.SuiteRunnerWorker.runSuite(SuiteRunnerWorker.java:52)
at org.testng.SuiteRunnerWorker.run(SuiteRunnerWorker.java:95)
at org.testng.TestNG.runSuitesSequentially(TestNG.java:1256)
at org.testng.TestNG.runSuitesLocally(TestNG.java:1176)
at org.testng.TestNG.runSuites(TestNG.java:1099)
at org.testng.TestNG.run(TestNG.java:1067)
at org.testng.remote.AbstractRemoteTestNG.run(AbstractRemoteTestNG.java:115)
at org.testng.remote.RemoteTestNG.initAndRun(RemoteTestNG.java:251)
at org.testng.remote.RemoteTestNG.main(RemoteTestNG.java:77)
]]>
    </failure>
  </testcase> <!-- @AfterMethod tearDown -->
  <testcase classname="com.dotKonnekt.tests.HomePageTest" name="HomePage_ProductQuickviewVerification" time="7.942">
    <failure type="java.lang.NullPointerException" message="Cannot invoke &amp;quot;org.openqa.selenium.WebDriver.manage()&amp;quot; because &amp;quot;driver&amp;quot; is null">
      <![CDATA[java.lang.NullPointerException: Cannot invoke "org.openqa.selenium.WebDriver.manage()" because "driver" is null
at com.dotKonnekt.actionDrivers.Action.implicitWait(Action.java:776)
at com.dotKonnekt.base.BaseClass.launchApp_EB(BaseClass.java:227)
at com.dotKonnekt.tests.HomePageTest.HomePage_ProductQuickviewVerification(HomePageTest.java:136)
at java.base/jdk.internal.reflect.NativeMethodAccessorImpl.invoke0(Native Method)
at java.base/jdk.internal.reflect.NativeMethodAccessorImpl.invoke(NativeMethodAccessorImpl.java:77)
at java.base/jdk.internal.reflect.DelegatingMethodAccessorImpl.invoke(DelegatingMethodAccessorImpl.java:43)
at java.base/java.lang.reflect.Method.invoke(Method.java:568)
at org.testng.internal.invokers.MethodInvocationHelper.invokeMethod(MethodInvocationHelper.java:139)
at org.testng.internal.invokers.TestInvoker.invokeMethod(TestInvoker.java:677)
at org.testng.internal.invokers.TestInvoker.invokeTestMethod(TestInvoker.java:221)
at org.testng.internal.invokers.MethodRunner.runInSequence(MethodRunner.java:50)
at org.testng.internal.invokers.TestInvoker$MethodInvocationAgent.invoke(TestInvoker.java:969)
at org.testng.internal.invokers.TestInvoker.invokeTestMethods(TestInvoker.java:194)
at org.testng.internal.invokers.TestMethodWorker.invokeTestMethods(TestMethodWorker.java:148)
at org.testng.internal.invokers.TestMethodWorker.run(TestMethodWorker.java:128)
at java.base/java.util.ArrayList.forEach(ArrayList.java:1511)
at org.testng.TestRunner.privateRun(TestRunner.java:829)
at org.testng.TestRunner.run(TestRunner.java:602)
at org.testng.SuiteRunner.runTest(SuiteRunner.java:437)
at org.testng.SuiteRunner.runSequentially(SuiteRunner.java:431)
at org.testng.SuiteRunner.privateRun(SuiteRunner.java:391)
at org.testng.SuiteRunner.run(SuiteRunner.java:330)
at org.testng.SuiteRunnerWorker.runSuite(SuiteRunnerWorker.java:52)
at org.testng.SuiteRunnerWorker.run(SuiteRunnerWorker.java:95)
at org.testng.TestNG.runSuitesSequentially(TestNG.java:1256)
at org.testng.TestNG.runSuitesLocally(TestNG.java:1176)
at org.testng.TestNG.runSuites(TestNG.java:1099)
at org.testng.TestNG.run(TestNG.java:1067)
at org.testng.remote.AbstractRemoteTestNG.run(AbstractRemoteTestNG.java:115)
at org.testng.remote.RemoteTestNG.initAndRun(RemoteTestNG.java:251)
at org.testng.remote.RemoteTestNG.main(RemoteTestNG.java:77)
]]>
    </failure>
  </testcase> <!-- HomePage_ProductQuickviewVerification -->
  <testcase classname="com.dotKonnekt.tests.HomePageTest" name="TitleVerification" time="0.0">
    <ignored/>
  </testcase> <!-- TitleVerification -->
  <testcase classname="com.dotKonnekt.tests.HomePageTest" name="HomePage_CartFucntionalityVerification" time="0.0">
    <ignored/>
  </testcase> <!-- HomePage_CartFucntionalityVerification -->
  <testcase classname="com.dotKonnekt.tests.HomePageTest" name="HomePage_OurStorySection" time="0.0">
    <ignored/>
  </testcase> <!-- HomePage_OurStorySection -->
  <testcase classname="com.dotKonnekt.tests.HomePageTest" name="HomePage_SendAMessageFunctionalityGuestUser" time="0.0">
    <ignored/>
  </testcase> <!-- HomePage_SendAMessageFunctionalityGuestUser -->
  <testcase classname="com.dotKonnekt.tests.HomePageTest" name="HomePage_endToEndGuestScenarioByClickingProductTileLoggedIn" time="0.0">
    <ignored/>
  </testcase> <!-- HomePage_endToEndGuestScenarioByClickingProductTileLoggedIn -->
  <testcase classname="com.dotKonnekt.tests.HomePageTest" name="HomePage_SearchFucntionalityVerification" time="0.0">
    <ignored/>
  </testcase> <!-- HomePage_SearchFucntionalityVerification -->
  <testcase classname="com.dotKonnekt.tests.HomePageTest" name="HomePage_endToEndGuestScenarioByClickingProductCartIconGuestUSer" time="0.0">
    <ignored/>
  </testcase> <!-- HomePage_endToEndGuestScenarioByClickingProductCartIconGuestUSer -->
  <testcase classname="com.dotKonnekt.tests.HomePageTest" name="HomePage_SendAMessageFunctionalityLoggedInUser" time="0.0">
    <ignored/>
  </testcase> <!-- HomePage_SendAMessageFunctionalityLoggedInUser -->
  <testcase classname="com.dotKonnekt.tests.HomePageTest" name="HomePage_endToEndGuestScenarioByClickingProductCartIconLoggedUSer" time="0.0">
    <ignored/>
  </testcase> <!-- HomePage_endToEndGuestScenarioByClickingProductCartIconLoggedUSer -->
  <testcase classname="com.dotKonnekt.tests.HomePageTest" name="HomePage_endToEndGuestScenarioByClickingProductTileGuestUSer" time="0.0">
    <ignored/>
  </testcase> <!-- HomePage_endToEndGuestScenarioByClickingProductTileGuestUSer -->
  <testcase classname="com.dotKonnekt.tests.HomePageTest" name="HomePage_discountVoucherSection" time="0.0">
    <ignored/>
  </testcase> <!-- HomePage_discountVoucherSection -->
  <testcase classname="com.dotKonnekt.tests.HomePageTest" name="HomePage_aboveAboutUsSection" time="0.0">
    <ignored/>
  </testcase> <!-- HomePage_aboveAboutUsSection -->
  <testcase classname="com.dotKonnekt.tests.HomePageTest" name="HomePage_UserFunctionalityVerification" time="0.0">
    <ignored/>
  </testcase> <!-- HomePage_UserFunctionalityVerification -->
  <testcase classname="com.dotKonnekt.tests.HomePageTest" name="HomePage_endToEndGuestScenarioByClickingQuickViewGuestUSer" time="0.0">
    <ignored/>
  </testcase> <!-- HomePage_endToEndGuestScenarioByClickingQuickViewGuestUSer -->
  <testcase classname="com.dotKonnekt.tests.HomePageTest" name="HomePage_shoutOutFromCustomers" time="0.0">
    <ignored/>
  </testcase> <!-- HomePage_shoutOutFromCustomers -->
  <testcase classname="com.dotKonnekt.tests.HomePageTest" name="HomePage_PageHeaderVerification" time="0.0">
    <ignored/>
  </testcase> <!-- HomePage_PageHeaderVerification -->
  <testcase classname="com.dotKonnekt.tests.HomePageTest" name="HomePage_NewArrival" time="0.0">
    <ignored/>
  </testcase> <!-- HomePage_NewArrival -->
  <testcase classname="com.dotKonnekt.tests.HomePageTest" name="BrowserStack" time="0.0">
    <ignored/>
  </testcase> <!-- BrowserStack -->
  <testcase classname="com.dotKonnekt.tests.HomePageTest" name="HomePage_askOurExpertSection" time="0.0">
    <ignored/>
  </testcase> <!-- HomePage_askOurExpertSection -->
</testsuite> <!-- Default test -->
