<?xml version="1.0" encoding="UTF-8"?>
<!-- Generated by org.testng.reporters.JUnitXMLReporter -->
<testsuite ignored="3" hostname="GarvitDevice" failures="2" tests="26" name="NotLoggedIn" time="164.829" errors="0" timestamp="2023-04-19T10:04:28 IST">
  <testcase classname="com.dotKonnekt.tests.BlogPageTest" name="BlogPage_BlogPageElements_dotFashion" time="7.347"/>
  <testcase classname="com.dotKonnekt.tests.BlogPageTest" name="BlogPage_BlogVideoVerification_dotFashion" time="8.184"/>
  <testcase classname="com.dotKonnekt.tests.BlogPageTest" name="BlogPage_BlogVideoVerification_dotFashion" time="12.344"/>
  <testcase classname="com.dotKonnekt.tests.BlogPageTest" name="BlogPage_BlogVideoVerification_dotFashion" time="10.74"/>
  <testcase classname="com.dotKonnekt.tests.BlogPageTest" name="BlogPage_BreadCrumbVerification_dotFashion" time="7.32"/>
  <testcase classname="com.dotKonnekt.tests.BlogPageTest" name="BlogPage_CartFucntionalityVerification_dotFashion" time="3.2"/>
  <testcase classname="com.dotKonnekt.tests.BlogPageTest" name="BlogPage_LogoFunctionalityVerification_dotFashion" time="4.471"/>
  <testcase classname="com.dotKonnekt.tests.BlogPageTest" name="BlogPage_PageHeaderVerification_dotFashion" time="4.476"/>
  <testcase classname="com.dotKonnekt.tests.BlogPageTest" name="BlogPage_PageLoadtime" time="3.811"/>
  <testcase classname="com.dotKonnekt.tests.BlogPageTest" name="BlogPage_ProductQuickviewVerification_dotFashion" time="5.997">
    <failure type="java.lang.AssertionError" message="Quick view is not working properly expected [true] but found [false]">
      <![CDATA[java.lang.AssertionError: Quick view is not working properly expected [true] but found [false]
at com.dotKonnekt.pages.BlogPage.productQuickView(BlogPage.java:538)
at com.dotKonnekt.tests.BlogPageTest.BlogPage_ProductQuickviewVerification_dotFashion(BlogPageTest.java:252)
at java.base/java.util.ArrayList.forEach(ArrayList.java:1511)
... Removed 30 stack frames]]>
    </failure>
  </testcase> <!-- BlogPage_ProductQuickviewVerification_dotFashion -->
  <testcase classname="com.dotKonnekt.tests.BlogPageTest" name="BlogPage_ProductTilesVerification_dotFashion" time="3.687"/>
  <testcase classname="com.dotKonnekt.tests.BlogPageTest" name="BlogPage_ProductWishlistVerification_dotFashion" time="4.309"/>
  <testcase classname="com.dotKonnekt.tests.BlogPageTest" name="BlogPage_SearchFucntionalityVerification_dotFashion" time="5.585"/>
  <testcase classname="com.dotKonnekt.tests.BlogPageTest" name="BlogPage_ShareIconFunctionality_dotFashion" time="4.046"/>
  <testcase classname="com.dotKonnekt.tests.BlogPageTest" name="BlogPage_TitleVerification_dotFashion" time="4.142"/>
  <testcase classname="com.dotKonnekt.tests.BlogPageTest" name="BlogPage_UserFunctionalityVerification_dotFashion" time="4.349"/>
  <testcase classname="com.dotKonnekt.tests.BlogPageTest" name="BlogPage_addCommentVerification_dotFashion" time="3.789"/>
  <testcase classname="com.dotKonnekt.tests.BlogPageTest" name="BlogPage_askOurExpertSection" time="7.636"/>
  <testcase classname="com.dotKonnekt.tests.BlogPageTest" name="BlogPage_authornameVerification_dotFashion" time="2.651"/>
  <testcase classname="com.dotKonnekt.tests.BlogPageTest" name="BlogPage_blogTitleVerification_dotFashion" time="12.801">
    <failure type="org.openqa.selenium.NoSuchElementException" message="no such element: Unable to locate element: {&amp;quot;method&amp;quot;:&amp;quot;xpath&amp;quot;,&amp;quot;selector&amp;quot;:&amp;quot;//div[@class=&amp;apos;MuiTypography-root MuiTypography-h5 MuiTypography-gutterBottom css-rhwwre&amp;apos;]&amp;quot;}
  (Session info: chrome=111.0.5563.147)
For documentation on this error, please visit: https://selenium.dev/exceptions/#no_such_element
Build info: version: &amp;apos;4.5.3&amp;apos;, revision: &amp;apos;4b786a1e430&amp;apos;
System info: os.name: &amp;apos;Windows 11&amp;apos;, os.arch: &amp;apos;amd64&amp;apos;, os.version: &amp;apos;10.0&amp;apos;, java.version: &amp;apos;17.0.6&amp;apos;
Driver info: org.openqa.selenium.chrome.ChromeDriver
Command: [d846d5069fcee6b6541275e82a36897c, findElement {using=xpath, value=//div[@class=&amp;apos;MuiTypography-root MuiTypography-h5 MuiTypography-gutterBottom css-rhwwre&amp;apos;]}]
Capabilities {acceptInsecureCerts: false, browserName: chrome, browserVersion: 111.0.5563.147, chrome: {chromedriverVersion: 111.0.5563.64 (c710e93d5b63..., userDataDir: C:\Users\garvi\AppData\Loca...}, goog:chromeOptions: {debuggerAddress: localhost:58892}, networkConnectionEnabled: false, pageLoadStrategy: normal, platformName: WINDOWS, proxy: Proxy(), se:cdp: ws://localhost:58892/devtoo..., se:cdpVersion: 111.0.5563.147, setWindowRect: true, strictFileInteractability: false, timeouts: {implicit: 0, pageLoad: 300000, script: 30000}, unhandledPromptBehavior: dismiss and notify, webauthn:extension:credBlob: true, webauthn:extension:largeBlob: true, webauthn:extension:minPinLength: true, webauthn:extension:prf: true, webauthn:virtualAuthenticators: true}
Session ID: d846d5069fcee6b6541275e82a36897c">
      <![CDATA[org.openqa.selenium.NoSuchElementException: no such element: Unable to locate element: {"method":"xpath","selector":"//div[@class='MuiTypography-root MuiTypography-h5 MuiTypography-gutterBottom css-rhwwre']"}
  (Session info: chrome=111.0.5563.147)
For documentation on this error, please visit: https://selenium.dev/exceptions/#no_such_element
Build info: version: '4.5.3', revision: '4b786a1e430'
System info: os.name: 'Windows 11', os.arch: 'amd64', os.version: '10.0', java.version: '17.0.6'
Driver info: org.openqa.selenium.chrome.ChromeDriver
Command: [d846d5069fcee6b6541275e82a36897c, findElement {using=xpath, value=//div[@class='MuiTypography-root MuiTypography-h5 MuiTypography-gutterBottom css-rhwwre']}]
Capabilities {acceptInsecureCerts: false, browserName: chrome, browserVersion: 111.0.5563.147, chrome: {chromedriverVersion: 111.0.5563.64 (c710e93d5b63..., userDataDir: C:\Users\garvi\AppData\Loca...}, goog:chromeOptions: {debuggerAddress: localhost:58892}, networkConnectionEnabled: false, pageLoadStrategy: normal, platformName: WINDOWS, proxy: Proxy(), se:cdp: ws://localhost:58892/devtoo..., se:cdpVersion: 111.0.5563.147, setWindowRect: true, strictFileInteractability: false, timeouts: {implicit: 0, pageLoad: 300000, script: 30000}, unhandledPromptBehavior: dismiss and notify, webauthn:extension:credBlob: true, webauthn:extension:largeBlob: true, webauthn:extension:minPinLength: true, webauthn:extension:prf: true, webauthn:virtualAuthenticators: true}
Session ID: d846d5069fcee6b6541275e82a36897c
at org.openqa.selenium.remote.codec.w3c.W3CHttpResponseCodec.createException(W3CHttpResponseCodec.java:200)
at org.openqa.selenium.remote.codec.w3c.W3CHttpResponseCodec.decode(W3CHttpResponseCodec.java:133)
at org.openqa.selenium.remote.codec.w3c.W3CHttpResponseCodec.decode(W3CHttpResponseCodec.java:53)
at org.openqa.selenium.remote.HttpCommandExecutor.execute(HttpCommandExecutor.java:184)
at org.openqa.selenium.remote.service.DriverCommandExecutor.invokeExecute(DriverCommandExecutor.java:167)
at org.openqa.selenium.remote.service.DriverCommandExecutor.execute(DriverCommandExecutor.java:142)
at org.openqa.selenium.remote.RemoteWebDriver.execute(RemoteWebDriver.java:541)
at org.openqa.selenium.remote.ElementLocation$ElementFinder$2.findElement(ElementLocation.java:162)
at org.openqa.selenium.remote.ElementLocation.findElement(ElementLocation.java:60)
at org.openqa.selenium.remote.RemoteWebDriver.findElement(RemoteWebDriver.java:365)
at org.openqa.selenium.remote.RemoteWebDriver.findElement(RemoteWebDriver.java:357)
at com.dotKonnekt.pages.BlogPage.blogTitleVerification(BlogPage.java:49)
at com.dotKonnekt.tests.BlogPageTest.BlogPage_blogTitleVerification_dotFashion(BlogPageTest.java:225)
at java.base/java.util.ArrayList.forEach(ArrayList.java:1511)
... Removed 32 stack frames]]>
    </failure>
  </testcase> <!-- BlogPage_blogTitleVerification_dotFashion -->
  <testcase classname="com.dotKonnekt.tests.BlogPageTest" name="BlogPage_bookMarkIconFunctionality_dotFashion" time="8.048"/>
  <testcase classname="com.dotKonnekt.tests.BlogPageTest" name="BlogPage_bookMarkIconFunctionality_dotFashion" time="8.148"/>
  <testcase classname="com.dotKonnekt.tests.BlogPageTest" name="BlogPage_bookMarkIconFunctionality_dotFashion" time="8.017"/>
  <testcase classname="com.dotKonnekt.tests.BlogPageTest" name="BlogPage_likeIconFunctionality1_dotFashion" time="4.726"/>
  <testcase classname="com.dotKonnekt.tests.BlogPageTest" name="BlogPage_recipeImage_dotFashion" time="4.939"/>
  <testcase classname="com.dotKonnekt.tests.BlogPageTest" name="BlogPage_tagsVerification_dotFashion" time="2.563"/>
  <testcase classname="com.dotKonnekt.tests.BlogPageTest" name="BlogPage_AddCommentinCommentSeection_dotFashion" time="0.0">
    <ignored/>
  </testcase> <!-- BlogPage_AddCommentinCommentSeection_dotFashion -->
  <testcase classname="com.dotKonnekt.tests.BlogPageTest" name="BlogPage_bookMarkIconFunctionalityLoggedIn_dotFashion" time="0.0">
    <ignored/>
  </testcase> <!-- BlogPage_bookMarkIconFunctionalityLoggedIn_dotFashion -->
  <testcase classname="com.dotKonnekt.tests.BlogPageTest" name="BlogPage_likeIconFunctionality_dotFashion" time="0.0">
    <ignored/>
  </testcase> <!-- BlogPage_likeIconFunctionality_dotFashion -->
</testsuite> <!-- NotLoggedIn -->
